<?xml version="1.0" encoding="UTF-8"?>
<testng-results skipped="0" failed="0" total="1" passed="1">
  <reporter-output>
  </reporter-output>
  <suite name="Default suite" duration-ms="57992" started-at="2017-05-11T00:24:44Z" finished-at="2017-05-11T00:25:42Z">
    <groups>
    </groups>
    <test name="Default test" duration-ms="57992" started-at="2017-05-11T00:24:44Z" finished-at="2017-05-11T00:25:42Z">
      <class name="automationFrameWork.TC_SignIn">
        <test-method status="PASS" signature="beforeTest()[pri:0, instance:automationFrameWork.TC_SignIn@3e6fa38a]" name="beforeTest" is-config="true" duration-ms="13117" started-at="2017-05-10T20:24:44Z" finished-at="2017-05-10T20:24:57Z">
          <reporter-output>
          </reporter-output>
        </test-method> <!-- beforeTest -->
        <test-method status="PASS" signature="run()[pri:0, instance:automationFrameWork.TC_SignIn@3e6fa38a]" name="run" duration-ms="43179" started-at="2017-05-10T20:24:57Z" finished-at="2017-05-10T20:25:40Z">
          <reporter-output>
          </reporter-output>
        </test-method> <!-- run -->
        <test-method status="PASS" signature="afterTest()[pri:0, instance:automationFrameWork.TC_SignIn@3e6fa38a]" name="afterTest" is-config="true" duration-ms="1653" started-at="2017-05-10T20:25:40Z" finished-at="2017-05-10T20:25:42Z">
          <reporter-output>
          </reporter-output>
        </test-method> <!-- afterTest -->
      </class> <!-- automationFrameWork.TC_SignIn -->
    </test> <!-- Default test -->
  </suite> <!-- Default suite -->
</testng-results>
